<?xml version="1.0" encoding="UTF-8"?>
<!-- Generated by org.testng.reporters.JUnitReportReporter -->
<testsuite hostname="SW-AMIR" failures="0" tests="2" name="testcases.testNGcase" time="0.015" errors="0" timestamp="19 Feb 2020 04:06:14 GMT" skipped="0">
  <testcase classname="testcases.testNGcase" name="login" time="0.002"/>
  <testcase classname="testcases.testNGcase" name="dologin" time="0.013"/>
</testsuite> <!-- testcases.testNGcase -->
