<?xml version="1.0" encoding="UTF-8"?>
<!-- Generated by org.testng.reporters.JUnitReportReporter -->
<testsuite hostname="SW-AMIR" failures="0" tests="2" name="testcases.testNGcase" time="0.008" errors="0" timestamp="21 Feb 2020 08:23:04 GMT" skipped="0">
  <testcase classname="testcases.testNGcase" name="login" time="0.000"/>
  <testcase classname="testcases.testNGcase" name="dologin" time="0.008"/>
</testsuite> <!-- testcases.testNGcase -->
