<?xml version="1.0" encoding="UTF-8"?>
<!-- Generated by org.testng.reporters.JUnitReportReporter -->
<testsuite hostname="SW-AMIR" failures="0" tests="1" name="testcases.TestFailure" time="0.004" errors="0" timestamp="18 Feb 2020 15:03:14 GMT" skipped="0">
  <testcase classname="testcases.TestFailure" name="mylogin" time="0.004"/>
</testsuite> <!-- testcases.TestFailure -->
